[    0.000000] Linux version 4.15.0-153-generic (buildd@lgw01-amd64-004) (gcc version 7.5.0 (Ubuntu 7.5.0-3ubuntu1~18.04)) #160-Ubuntu SMP Thu Jul 29 06:54:29 UTC 2021 (Ubuntu 4.15.0-153.160-generic 4.15.18)
[    0.000000] Command line: BOOT_IMAGE=/boot/vmlinuz-4.15.0-153-generic root=LABEL=cloudimg-rootfs ro console=tty1 console=ttyS0
[    0.000000] KERNEL supported cpus:
[    0.000000]   Intel GenuineIntel
[    0.000000]   AMD AuthenticAMD
[    0.000000]   Centaur CentaurHauls
[    0.000000] x86/fpu: Supporting XSAVE feature 0x001: 'x87 floating point registers'
[    0.000000] x86/fpu: Supporting XSAVE feature 0x002: 'SSE registers'
[    0.000000] x86/fpu: Supporting XSAVE feature 0x004: 'AVX registers'
[    0.000000] x86/fpu: xstate_offset[2]:  576, xstate_sizes[2]:  256
[    0.000000] x86/fpu: Enabled xstate features 0x7, context size is 832 bytes, using 'standard' format.
[    0.000000] e820: BIOS-provided physical RAM map:
[    0.000000] BIOS-e820: [mem 0x0000000000000000-0x000000000009fbff] usable
[    0.000000] BIOS-e820: [mem 0x000000000009fc00-0x000000000009ffff] reserved
[    0.000000] BIOS-e820: [mem 0x00000000000f0000-0x00000000000fffff] reserved
[    0.000000] BIOS-e820: [mem 0x0000000000100000-0x000000003ffeffff] usable
[    0.000000] BIOS-e820: [mem 0x000000003fff0000-0x000000003fffffff] ACPI data
[    0.000000] BIOS-e820: [mem 0x00000000fec00000-0x00000000fec00fff] reserved
[    0.000000] BIOS-e820: [mem 0x00000000fee00000-0x00000000fee00fff] reserved
[    0.000000] BIOS-e820: [mem 0x00000000fffc0000-0x00000000ffffffff] reserved
[    0.000000] NX (Execute Disable) protection: active
[    0.000000] SMBIOS 2.5 present.
[    0.000000] DMI: innotek GmbH VirtualBox/VirtualBox, BIOS VirtualBox 12/01/2006
[    0.000000] Hypervisor detected: KVM
[    0.000000] e820: last_pfn = 0x3fff0 max_arch_pfn = 0x400000000
[    0.000000] MTRR: Disabled
[    0.000000] x86/PAT: MTRRs disabled, skipping PAT initialization too.
[    0.000000] CPU MTRRs all blank - virtualized system.
[    0.000000] x86/PAT: Configuration [0-7]: WB  WT  UC- UC  WB  WT  UC- UC  
[    0.000000] found SMP MP-table at [mem 0x0009fff0-0x0009ffff]
[    0.000000] Scanning 1 areas for low memory corruption
[    0.000000] RAMDISK: [mem 0x359d1000-0x36cdffff]
[    0.000000] ACPI: Early table checksum verification disabled
[    0.000000] ACPI: RSDP 0x00000000000E0000 000024 (v02 VBOX  )
[    0.000000] ACPI: XSDT 0x000000003FFF0030 00003C (v01 VBOX   VBOXXSDT 00000001 ASL  00000061)
[    0.000000] ACPI: FACP 0x000000003FFF00F0 0000F4 (v04 VBOX   VBOXFACP 00000001 ASL  00000061)
[    0.000000] ACPI: DSDT 0x000000003FFF0470 002325 (v02 VBOX   VBOXBIOS 00000002 INTL 20100528)
[    0.000000] ACPI: FACS 0x000000003FFF0200 000040
[    0.000000] ACPI: FACS 0x000000003FFF0200 000040
[    0.000000] ACPI: APIC 0x000000003FFF0240 00005C (v02 VBOX   VBOXAPIC 00000001 ASL  00000061)
[    0.000000] ACPI: SSDT 0x000000003FFF02A0 0001CC (v01 VBOX   VBOXCPUT 00000002 INTL 20100528)
[    0.000000] ACPI: Reserving FACP table memory at [mem 0x3fff00f0-0x3fff01e3]
[    0.000000] ACPI: Reserving DSDT table memory at [mem 0x3fff0470-0x3fff2794]
[    0.000000] ACPI: Reserving FACS table memory at [mem 0x3fff0200-0x3fff023f]
[    0.000000] ACPI: Reserving FACS table memory at [mem 0x3fff0200-0x3fff023f]
[    0.000000] ACPI: Reserving APIC table memory at [mem 0x3fff0240-0x3fff029b]
[    0.000000] ACPI: Reserving SSDT table memory at [mem 0x3fff02a0-0x3fff046b]
[    0.000000] No NUMA configuration found
[    0.000000] Faking a node at [mem 0x0000000000000000-0x000000003ffeffff]
[    0.000000] NODE_DATA(0) allocated [mem 0x3ffc5000-0x3ffeffff]
[    0.000000] kvm-clock: cpu 0, msr 0:3ff44001, primary cpu clock
[    0.000000] kvm-clock: Using msrs 4b564d01 and 4b564d00
[    0.000000] kvm-clock: using sched offset of 4953965053 cycles
[    0.000000] clocksource: kvm-clock: mask: 0xffffffffffffffff max_cycles: 0x1cd42e4dffb, max_idle_ns: 881590591483 ns
[    0.000000] Zone ranges:
[    0.000000]   DMA      [mem 0x0000000000001000-0x0000000000ffffff]
[    0.000000]   DMA32    [mem 0x0000000001000000-0x000000003ffeffff]
[    0.000000]   Normal   empty
[    0.000000]   Device   empty
[    0.000000] Movable zone start for each node
[    0.000000] Early memory node ranges
[    0.000000]   node   0: [mem 0x0000000000001000-0x000000000009efff]
[    0.000000]   node   0: [mem 0x0000000000100000-0x000000003ffeffff]
[    0.000000] Reserved but unavailable: 104 pages
[    0.000000] Initmem setup node 0 [mem 0x0000000000001000-0x000000003ffeffff]
[    0.000000] ACPI: PM-Timer IO Port: 0x4008
[    0.000000] IOAPIC[0]: apic_id 2, version 32, address 0xfec00000, GSI 0-23
[    0.000000] ACPI: INT_SRC_OVR (bus 0 bus_irq 0 global_irq 2 dfl dfl)
[    0.000000] ACPI: INT_SRC_OVR (bus 0 bus_irq 9 global_irq 9 low level)
[    0.000000] Using ACPI (MADT) for SMP configuration information
[    0.000000] smpboot: Allowing 2 CPUs, 0 hotplug CPUs
[    0.000000] PM: Registered nosave memory: [mem 0x00000000-0x00000fff]
[    0.000000] PM: Registered nosave memory: [mem 0x0009f000-0x0009ffff]
[    0.000000] PM: Registered nosave memory: [mem 0x000a0000-0x000effff]
[    0.000000] PM: Registered nosave memory: [mem 0x000f0000-0x000fffff]
[    0.000000] e820: [mem 0x40000000-0xfebfffff] available for PCI devices
[    0.000000] Booting paravirtualized kernel on KVM
[    0.000000] clocksource: refined-jiffies: mask: 0xffffffff max_cycles: 0xffffffff, max_idle_ns: 7645519600211568 ns
[    0.000000] random: get_random_bytes called from start_kernel+0x99/0x500 with crng_init=0
[    0.000000] setup_percpu: NR_CPUS:8192 nr_cpumask_bits:2 nr_cpu_ids:2 nr_node_ids:1
[    0.000000] percpu: Embedded 45 pages/cpu s147456 r8192 d28672 u1048576
[    0.000000] PV qspinlock hash table entries: 256 (order: 0, 4096 bytes)
[    0.000000] Built 1 zonelists, mobility grouping on.  Total pages: 257913
[    0.000000] Policy zone: DMA32
[    0.000000] Kernel command line: BOOT_IMAGE=/boot/vmlinuz-4.15.0-153-generic root=LABEL=cloudimg-rootfs ro console=tty1 console=ttyS0
[    0.000000] Memory: 982720K/1048120K available (12300K kernel code, 2483K rwdata, 4320K rodata, 2448K init, 2724K bss, 65400K reserved, 0K cma-reserved)
[    0.000000] SLUB: HWalign=64, Order=0-3, MinObjects=0, CPUs=2, Nodes=1
[    0.000000] Kernel/User page tables isolation: enabled
[    0.000000] ftrace: allocating 39460 entries in 155 pages
[    0.004000] Hierarchical RCU implementation.
[    0.004000] 	RCU restricting CPUs from NR_CPUS=8192 to nr_cpu_ids=2.
[    0.004000] 	Tasks RCU enabled.
[    0.004000] RCU: Adjusting geometry for rcu_fanout_leaf=16, nr_cpu_ids=2
[    0.004000] NR_IRQS: 524544, nr_irqs: 440, preallocated irqs: 16
[    0.004000] Console: colour VGA+ 80x25
[    0.004000] console [tty1] enabled
[    0.004000] console [ttyS0] enabled
[    0.004000] ACPI: Core revision 20170831
[    0.004000] ACPI: 2 ACPI AML tables successfully acquired and loaded
[    0.004000] APIC: Switch to symmetric I/O mode setup
[    0.004000] x2apic enabled
[    0.004000] Switched APIC routing to physical x2apic.
[    0.004000] ..TIMER: vector=0x30 apic1=0 pin1=2 apic2=-1 pin2=-1
[    0.004004] tsc: Detected 2903.996 MHz processor
[    0.004909] Calibrating delay loop (skipped) preset value.. 5807.99 BogoMIPS (lpj=11615984)
[    0.005621] pid_max: default: 32768 minimum: 301
[    0.008030] Security Framework initialized
[    0.008858] Yama: becoming mindful.
[    0.009595] AppArmor: AppArmor initialized
[    0.012000] Dentry cache hash table entries: 131072 (order: 8, 1048576 bytes)
[    0.012064] Inode-cache hash table entries: 65536 (order: 7, 524288 bytes)
[    0.016012] Mount-cache hash table entries: 2048 (order: 2, 16384 bytes)
[    0.017282] Mountpoint-cache hash table entries: 2048 (order: 2, 16384 bytes)
[    0.019113] Last level iTLB entries: 4KB 64, 2MB 8, 4MB 8
[    0.020003] Last level dTLB entries: 4KB 64, 2MB 0, 4MB 0, 1GB 4
[    0.021504] Spectre V1 : Mitigation: usercopy/swapgs barriers and __user pointer sanitization
[    0.024003] Spectre V2 : Mitigation: Full generic retpoline
[    0.025203] Spectre V2 : Spectre v2 / SpectreRSB mitigation: Filling RSB on context switch
[    0.027010] Speculative Store Bypass: Vulnerable
[    0.028046] SRBDS: Unknown: Dependent on hypervisor status
[    0.029240] MDS: Mitigation: Clear CPU buffers
[    0.030493] Freeing SMP alternatives memory: 36K
[    0.141947] smpboot: CPU0: Intel(R) Core(TM) i7-7500U CPU @ 2.70GHz (family: 0x6, model: 0x8e, stepping: 0x9)
[    0.144000] Performance Events: unsupported p6 CPU model 142 no PMU driver, software events only.
[    0.144036] Hierarchical SRCU implementation.
[    0.145613] NMI watchdog: Perf event create on CPU 0 failed with -2
[    0.147043] NMI watchdog: Perf NMI watchdog permanently disabled
[    0.148045] smp: Bringing up secondary CPUs ...
[    0.149167] x86: Booting SMP configuration:
[    0.150161] .... node  #0, CPUs:      #1
[    0.004000] kvm-clock: cpu 1, msr 0:3ff44041, secondary cpu clock
[    0.156020] smp: Brought up 1 node, 2 CPUs
[    0.157016] smpboot: Max logical packages: 1
[    0.158027] smpboot: Total of 2 processors activated (11615.98 BogoMIPS)
[    0.160115] devtmpfs: initialized
[    0.160896] x86/mm: Memory block size: 128MB
[    0.162052] evm: security.selinux
[    0.162867] evm: security.SMACK64
[    0.164003] evm: security.SMACK64EXEC
[    0.164987] evm: security.SMACK64TRANSMUTE
[    0.165968] evm: security.SMACK64MMAP
[    0.166845] evm: security.apparmor
[    0.167675] evm: security.ima
[    0.168003] evm: security.capability
[    0.168909] clocksource: jiffies: mask: 0xffffffff max_cycles: 0xffffffff, max_idle_ns: 7645041785100000 ns
[    0.172017] futex hash table entries: 512 (order: 3, 32768 bytes)
[    0.176067] pinctrl core: initialized pinctrl subsystem
[    0.180120] RTC time: 20:08:30, date: 08/12/21
[    0.181342] NET: Registered protocol family 16
[    0.182485] audit: initializing netlink subsys (disabled)
[    0.184049] audit: type=2000 audit(1628798916.931:1): state=initialized audit_enabled=0 res=1
[    0.185847] cpuidle: using governor ladder
[    0.188012] cpuidle: using governor menu
[    0.188998] ACPI: bus type PCI registered
[    0.190048] acpiphp: ACPI Hot Plug PCI Controller Driver version: 0.5
[    0.191641] PCI: Using configuration type 1 for base access
[    0.193078] HugeTLB registered 2.00 MiB page size, pre-allocated 0 pages
[    0.196070] ACPI: Added _OSI(Module Device)
[    0.197184] ACPI: Added _OSI(Processor Device)
[    0.198225] ACPI: Added _OSI(3.0 _SCP Extensions)
[    0.199375] ACPI: Added _OSI(Processor Aggregator Device)
[    0.200004] ACPI: Added _OSI(Linux-Dell-Video)
[    0.201053] ACPI: Added _OSI(Linux-Lenovo-NV-HDMI-Audio)
[    0.202602] ACPI: Added _OSI(Linux-HPI-Hybrid-Graphics)
[    0.204373] ACPI: Executed 1 blocks of module-level executable AML code
[    0.210221] ACPI: Interpreter enabled
[    0.212014] ACPI: (supports S0 S5)
[    0.212849] ACPI: Using IOAPIC for interrupt routing
[    0.214312] PCI: Using host bridge windows from ACPI; if necessary, use "pci=nocrs" and report a bug
[    0.216187] ACPI: Enabled 2 GPEs in block 00 to 07
[    0.225602] ACPI: PCI Root Bridge [PCI0] (domain 0000 [bus 00-ff])
[    0.227011] acpi PNP0A03:00: _OSC: OS supports [ASPM ClockPM Segments MSI]
[    0.228645] acpi PNP0A03:00: _OSC: not requesting OS control; OS requires [ExtendedConfig ASPM ClockPM MSI]
[    0.230871] acpi PNP0A03:00: fail to add MMCONFIG information, can't access extended PCI configuration space under this bridge.
[    0.232452] PCI host bridge to bus 0000:00
[    0.233429] pci_bus 0000:00: root bus resource [io  0x0000-0x0cf7 window]
[    0.236003] pci_bus 0000:00: root bus resource [io  0x0d00-0xffff window]
[    0.237671] pci_bus 0000:00: root bus resource [mem 0x000a0000-0x000bffff window]
[    0.240005] pci_bus 0000:00: root bus resource [mem 0x40000000-0xfdffffff window]
[    0.241542] pci_bus 0000:00: root bus resource [bus 00-ff]
[    0.246286] pci 0000:00:01.1: legacy IDE quirk: reg 0x10: [io  0x01f0-0x01f7]
[    0.247643] pci 0000:00:01.1: legacy IDE quirk: reg 0x14: [io  0x03f6]
[    0.248003] pci 0000:00:01.1: legacy IDE quirk: reg 0x18: [io  0x0170-0x0177]
[    0.249401] pci 0000:00:01.1: legacy IDE quirk: reg 0x1c: [io  0x0376]
[    0.266472] pci 0000:00:07.0: quirk: [io  0x4000-0x403f] claimed by PIIX4 ACPI
[    0.268017] pci 0000:00:07.0: quirk: [io  0x4100-0x410f] claimed by PIIX4 SMB
[    0.274962] ACPI: PCI Interrupt Link [LNKA] (IRQs 5 9 10 *11)
[    0.276100] ACPI: PCI Interrupt Link [LNKB] (IRQs 5 9 *10 11)
[    0.277365] ACPI: PCI Interrupt Link [LNKC] (IRQs 5 *9 10 11)
[    0.278649] ACPI: PCI Interrupt Link [LNKD] (IRQs 5 9 10 *11)
[    0.280385] SCSI subsystem initialized
[    0.281193] pci 0000:00:02.0: vgaarb: setting as boot VGA device
[    0.281193] pci 0000:00:02.0: vgaarb: VGA device added: decodes=io+mem,owns=io+mem,locks=none
[    0.284010] pci 0000:00:02.0: vgaarb: bridge control possible
[    0.285123] vgaarb: loaded
[    0.285754] ACPI: bus type USB registered
[    0.286579] usbcore: registered new interface driver usbfs
[    0.288019] usbcore: registered new interface driver hub
[    0.289147] usbcore: registered new device driver usb
[    0.292038] EDAC MC: Ver: 3.0.0
[    0.293044] PCI: Using ACPI for IRQ routing
[    0.293581] NetLabel: Initializing
[    0.294536] NetLabel:  domain hash size = 128
[    0.296005] NetLabel:  protocols = UNLABELED CIPSOv4 CALIPSO
[    0.297832] NetLabel:  unlabeled traffic allowed by default
[    0.300178] clocksource: Switched to clocksource kvm-clock
[    0.322138] VFS: Disk quotas dquot_6.6.0
[    0.323553] VFS: Dquot-cache hash table entries: 512 (order 0, 4096 bytes)
[    0.325822] AppArmor: AppArmor Filesystem Enabled
[    0.327051] pnp: PnP ACPI init
[    0.329770] pnp: PnP ACPI: found 3 devices
[    0.342366] clocksource: acpi_pm: mask: 0xffffff max_cycles: 0xffffff, max_idle_ns: 2085701024 ns
[    0.345243] NET: Registered protocol family 2
[    0.346886] TCP established hash table entries: 8192 (order: 4, 65536 bytes)
[    0.349249] TCP bind hash table entries: 8192 (order: 5, 131072 bytes)
[    0.353168] TCP: Hash tables configured (established 8192 bind 8192)
[    0.356143] UDP hash table entries: 512 (order: 2, 16384 bytes)
[    0.357910] UDP-Lite hash table entries: 512 (order: 2, 16384 bytes)
[    0.360081] NET: Registered protocol family 1
[    0.361376] pci 0000:00:00.0: Limiting direct PCI/PCI transfers
[    0.362990] pci 0000:00:01.0: Activating ISA DMA hang workarounds
[    0.364393] pci 0000:00:02.0: Video device with shadowed ROM at [mem 0x000c0000-0x000dffff]
[    0.366352] Unpacking initramfs...
[    0.691231] Freeing initrd memory: 19516K
[    0.692569] clocksource: tsc: mask: 0xffffffffffffffff max_cycles: 0x29dc020bb13, max_idle_ns: 440795273180 ns
[    0.695097] platform rtc_cmos: registered platform RTC device (no PNP device found)
[    0.697593] Scanning for low memory corruption every 60 seconds
[    0.699599] Initialise system trusted keyrings
[    0.701012] Key type blacklist registered
[    0.702468] workingset: timestamp_bits=36 max_order=18 bucket_order=0
[    0.705862] zbud: loaded
[    0.707308] squashfs: version 4.0 (2009/01/31) Phillip Lougher
[    0.709380] fuse init (API version 7.26)
[    0.713115] Key type asymmetric registered
[    0.714231] Asymmetric key parser 'x509' registered
[    0.715836] Block layer SCSI generic (bsg) driver version 0.4 loaded (major 246)
[    0.718584] io scheduler noop registered
[    0.720026] io scheduler deadline registered
[    0.721593] io scheduler cfq registered (default)
[    0.723198] ACPI: AC Adapter [AC] (on-line)
[    0.724639] input: Power Button as /devices/LNXSYSTM:00/LNXPWRBN:00/input/input0
[    0.727044] ACPI: Power Button [PWRF]
[    0.728348] input: Sleep Button as /devices/LNXSYSTM:00/LNXSLPBN:00/input/input1
[    0.730722] ACPI: Sleep Button [SLPF]
[    0.733084] ACPI: Battery Slot [BAT0] (battery present)
[    0.735086] Serial: 8250/16550 driver, 32 ports, IRQ sharing enabled
[    0.758086] 00:02: ttyS0 at I/O 0x3f8 (irq = 4, base_baud = 115200) is a 16550A
[    0.763782] Linux agpgart interface v0.103
[    0.767083] loop: module loaded
[    0.769026] scsi host0: ata_piix
[    0.770247] scsi host1: ata_piix
[    0.771224] ata1: PATA max UDMA/33 cmd 0x1f0 ctl 0x3f6 bmdma 0xd000 irq 14
[    0.773163] ata2: PATA max UDMA/33 cmd 0x170 ctl 0x376 bmdma 0xd008 irq 15
[    0.775133] libphy: Fixed MDIO Bus: probed
[    0.776177] tun: Universal TUN/TAP device driver, 1.6
[    0.777870] PPP generic driver version 2.4.2
[    0.779107] ehci_hcd: USB 2.0 'Enhanced' Host Controller (EHCI) Driver
[    0.780826] ehci-pci: EHCI PCI platform driver
[    0.782082] ehci-platform: EHCI generic platform driver
[    0.783513] ohci_hcd: USB 1.1 'Open' Host Controller (OHCI) Driver
[    0.785187] ohci-pci: OHCI PCI platform driver
[    0.786429] ohci-platform: OHCI generic platform driver
[    0.787833] uhci_hcd: USB Universal Host Controller Interface driver
[    0.789677] i8042: PNP: PS/2 Controller [PNP0303:PS2K,PNP0f03:PS2M] at 0x60,0x64 irq 1,12
[    0.792491] serio: i8042 KBD port at 0x60,0x64 irq 1
[    0.793645] serio: i8042 AUX port at 0x60,0x64 irq 12
[    0.794858] mousedev: PS/2 mouse device common for all mice
[    0.797577] input: AT Translated Set 2 keyboard as /devices/platform/i8042/serio0/input/input2
[    0.800022] rtc_cmos rtc_cmos: rtc core: registered rtc_cmos as rtc0
[    0.801772] rtc_cmos rtc_cmos: alarms up to one day, 114 bytes nvram
[    0.803635] i2c /dev entries driver
[    0.804753] device-mapper: uevent: version 1.0.3
[    0.806149] device-mapper: ioctl: 4.37.0-ioctl (2017-09-20) initialised: dm-devel@redhat.com
[    0.808781] ledtrig-cpu: registered to indicate activity on CPUs
[    0.811079] NET: Registered protocol family 10
[    0.816858] Segment Routing with IPv6
[    0.818075] NET: Registered protocol family 17
[    0.819465] Key type dns_resolver registered
[    0.821072] mce: Using 0 MCE banks
[    0.822352] RAS: Correctable Errors collector initialized.
[    0.824130] sched_clock: Marking stable (821034606, 0)->(1052060790, -231026184)
[    0.827049] registered taskstats version 1
[    0.828394] Loading compiled-in X.509 certificates
[    0.832736] Loaded X.509 cert 'Build time autogenerated kernel key: 697c210032c6abbec5653106d7fd766083a73612'
[    0.836834] Loaded X.509 cert 'Canonical Ltd. Live Patch Signing: 14df34d1a87cf37625abec039ef2bf521249b969'
[    0.840314] Loaded X.509 cert 'Canonical Ltd. Kernel Module Signing: 88f752e560a1e0737e31163a466ad7b70a850c19'
[    0.843002] zswap: loaded using pool lzo/zbud
[    0.848902] Key type big_key registered
[    0.850367] Key type trusted registered
[    0.854049] Key type encrypted registered
[    0.855475] AppArmor: AppArmor sha1 policy hashing enabled
[    0.857194] ima: No TPM chip found, activating TPM-bypass! (rc=-19)
[    0.859347] ima: Allocated hash algorithm: sha1
[    0.860827] evm: HMAC attrs: 0x1
[    0.861988]   Magic number: 1:102:144
[    0.862982] ata_port ata1: hash matches
[    0.864251]  ata1: hash matches
[    0.865320] rtc_cmos rtc_cmos: setting system clock to 2021-08-12 20:08:31 UTC (1628798911)
[    0.867560] BIOS EDD facility v0.16 2004-Jun-25, 0 devices found
[    0.869103] EDD information not available.
[    0.960484] Freeing unused kernel image memory: 2448K
[    0.976678] Write protecting the kernel read-only data: 20480k
[    0.979114] Freeing unused kernel image memory: 2008K
[    0.980931] Freeing unused kernel image memory: 1824K
[    0.990919] x86/mm: Checked W+X mappings: passed, no W+X pages found.
[    0.992723] x86/mm: Checking user space page tables
[    1.002214] x86/mm: Checked W+X mappings: passed, no W+X pages found.
Loading, please wait...
starting version 237
[    1.099236] Fusion MPT base driver 3.04.20
[    1.100791] Copyright (c) 1999-2008 LSI Corporation
[    1.134767] AVX2 version of gcm_enc/dec engaged.
[    1.136318] AES CTR mode by8 optimization enabled
[    1.138028] e1000: Intel(R) PRO/1000 Network Driver - version 7.3.21-k8-NAPI
[    1.139819] e1000: Copyright (c) 1999-2006 Intel Corporation.
[    1.142117] Fusion MPT SPI Host driver 3.04.20
[    1.163442] mptbase: ioc0: Initiating bringup
[    1.264922] ioc0: LSI53C1030 A0: Capabilities={Initiator}
[    1.316001] input: ImExPS/2 Generic Explorer Mouse as /devices/platform/i8042/serio1/input/input4
[    1.510006] scsi host2: ioc0: LSI53C1030 A0, FwRev=00000000h, Ports=1, MaxQ=256, IRQ=20
[    1.677039] scsi 2:0:0:0: Direct-Access     VBOX     HARDDISK         1.0  PQ: 0 ANSI: 5
[    1.708551] scsi target2:0:0: Beginning Domain Validation
[    1.714975] scsi target2:0:0: Domain Validation skipping write tests
[    1.716234] scsi target2:0:0: Ending Domain Validation
[    1.721984] scsi target2:0:0: asynchronous
[    1.741498] scsi 2:0:1:0: Direct-Access     VBOX     HARDDISK         1.0  PQ: 0 ANSI: 5
[    1.774843] scsi target2:0:1: Beginning Domain Validation
[    1.788659] random: fast init done
[    1.789781] scsi target2:0:1: Domain Validation skipping write tests
[    1.791062] scsi target2:0:1: Ending Domain Validation
[    1.792216] scsi target2:0:1: asynchronous
[    1.797541] random: systemd-udevd: uninitialized urandom read (16 bytes read)
[    1.799078] random: systemd-udevd: uninitialized urandom read (16 bytes read)
[    1.800568] random: systemd-udevd: uninitialized urandom read (16 bytes read)
[    1.802842] sd 2:0:0:0: [sda] 83886080 512-byte logical blocks: (42.9 GB/40.0 GiB)
[    1.805404] sd 2:0:0:0: Attached scsi generic sg0 type 0
[    1.808459] sd 2:0:0:0: [sda] Write Protect is off
[    1.810278] sd 2:0:0:0: [sda] Incomplete mode parameter data
[    1.812117] sd 2:0:0:0: [sda] Assuming drive cache: write through
[    1.818113] sd 2:0:1:0: Attached scsi generic sg1 type 0
[    1.824140] sd 2:0:1:0: [sdb] 20480 512-byte logical blocks: (10.5 MB/10.0 MiB)
[    1.828421] sd 2:0:1:0: [sdb] Write Protect is off
[    1.829556] sd 2:0:1:0: [sdb] Incomplete mode parameter data
[    1.830726] sd 2:0:1:0: [sdb] Assuming drive cache: write through
[    1.852796]  sda: sda1
[    1.857170] sd 2:0:0:0: [sda] Attached SCSI disk
[    1.871948] sd 2:0:1:0: [sdb] Attached SCSI disk
[    2.121135] e1000 0000:00:03.0 eth0: (PCI:33MHz:32-bit) 02:9f:d3:59:7e:90
[    2.122954] e1000 0000:00:03.0 eth0: Intel(R) PRO/1000 Network Connection
[    2.126446] e1000 0000:00:03.0 enp0s3: renamed from eth0
Begin: Loading essential drivers ... [    3.952062] raid6: sse2x1   gen()  8416 MB/s
[    4.000471] raid6: sse2x1   xor()  8819 MB/s
[    4.048295] raid6: sse2x2   gen() 14752 MB/s
[    4.096096] raid6: sse2x2   xor()  8849 MB/s
[    4.144424] raid6: sse2x4   gen() 15377 MB/s
[    4.193217] raid6: sse2x4   xor()  7754 MB/s
[    4.240069] raid6: avx2x1   gen() 23774 MB/s
[    4.288421] raid6: avx2x1   xor() 16544 MB/s
[    4.336280] raid6: avx2x2   gen() 21039 MB/s
[    4.388739] raid6: avx2x2   xor()  8187 MB/s
[    4.440094] raid6: avx2x4   gen() 21551 MB/s
[    4.488521] raid6: avx2x4   xor() 15471 MB/s
[    4.489776] raid6: using algorithm avx2x1 gen() 23774 MB/s
[    4.491915] raid6: .... xor() 16544 MB/s, rmw enabled
[    4.493543] raid6: using avx2x2 recovery algorithm
[    4.496324] xor: automatically using best checksumming function   avx       
[    4.499357] async_tx: api initialized (async)
done.
Begin: Running /scripts/init-premount ... done.
Begin: Mounting root file system ... Begin: Running /scripts/local-top ... done.
Begin: Running /scripts/local-premount ... [    4.551486] Btrfs loaded, crc32c=crc32c-intel
Scanning for Btrfs filesystems
done.
Warning: fsck not present, so skipping root file system
[    4.662651] EXT4-fs (sda1): mounted filesystem with ordered data mode. Opts: (null)
done.
Begin: Running /scripts/local-bottom ... done.
Begin: Running /scripts/init-bottom ... done.
[    5.772717] ip_tables: (C) 2000-2006 Netfilter Core Team
[    5.865759] systemd[1]: systemd 237 running in system mode. (+PAM +AUDIT +SELINUX +IMA +APPARMOR +SMACK +SYSVINIT +UTMP +LIBCRYPTSETUP +GCRYPT +GNUTLS +ACL +XZ +LZ4 +SECCOMP +BLKID +ELFUTILS +KMOD -IDN2 +IDN -PCRE2 default-hierarchy=hybrid)
[    5.872300] systemd[1]: Detected virtualization oracle.
[    5.873911] systemd[1]: Detected architecture x86-64.

Welcome to [1mUbuntu 18.04.5 LTS[0m!

[    5.901871] systemd[1]: Set hostname to <ubuntu>.
[    5.932166] systemd[1]: Initializing machine ID from random generator.
[    5.933918] systemd[1]: Installed transient /etc/machine-id file.
[    6.354122] random: crng init done
[    6.355596] random: 7 urandom warning(s) missed due to ratelimiting
[    8.490064] systemd[1]: Reached target System Time Synchronized.
[[0;32m  OK  [0m] Reached target System Time Synchronized.
[    8.492997] systemd[1]: Reached target Swap.
[[0;32m  OK  [0m] Reached target Swap.
[    8.495125] systemd[1]: Reached target User and Group Name Lookups.
[[0;32m  OK  [0m] Reached target User and Group Name Lookups.
[    8.501829] systemd[1]: Created slice System Slice.
[[0;32m  OK  [0m] Created slice System Slice.
[[0;32m  OK  [0m] Listening on Journal Audit Socket.
[[0;32m  OK  [0m] Listening on LVM2 metadata daemon socket.
[[0;32m  OK  [0m] Listening on Journal Socket (/dev/log).
[[0;32m  OK  [0m] Listening on Journal Socket.
         Mounting POSIX Message Queue File System...
[[0;32m  OK  [0m] Listening on udev Control Socket.
[[0;32m  OK  [0m] Set up automount Arbitrary Executab…rmats File System Automount Point.
[[0;32m  OK  [0m] Listening on /dev/initctl Compatibility Named Pipe.
[[0;32m  OK  [0m] Listening on LVM2 poll daemon socket.
         Starting Set the console keyboard layout...
[[0;32m  OK  [0m] Listening on Device-mapper event daemon FIFOs.
         Starting Monitoring of LVM2 mirrors…ng dmeventd or progress polling...
[[0;32m  OK  [0m] Created slice User and Session Slice.
[[0;32m  OK  [0m] Reached target Slices.
[[0;32m  OK  [0m] Listening on udev Kernel Socket.
         Starting udev Coldplug all Devices...
[[0;32m  OK  [0m] Started Forward Password Requests to Wall Directory Watch.
[[0;32m  OK  [0m] Created slice system-serial\x2dgetty.slice.
[[0;32m  OK  [0m] Listening on Syslog Socket.
         Starting Journal Service...
[[0;32m  OK  [0m] Listening on Network Service Netlink Socket.
         Starting Create list of required st…ce nodes for the current kernel...
         Mounting Kernel Debug File System...
[[0;32m  OK  [0m] Listening on fsck to fsckd communication Socket.
         Starting File System Check on Root Device...
         Mounting Huge Pages File System...
         Starting Load Kernel Modules...
         Starting Uncomplicated firewall...
[[0;32m  OK  [0m] Started Journal Service.
[[0;32m  OK  [0m] Mounted POSIX Message Queue File System.
[[0;32m  OK  [0m] Started Create list of required sta…vice nodes for the current kernel.
[[0;32m  OK  [0m] Mounted Kernel Debug File System.
[[0;32m  OK  [0m] Mounted Huge Pages File System.
[[0;32m  OK  [0m] Started File System Check Daemon to report status.
         Starting Create Static Device Nodes in /dev...
[[0;32m  OK  [0m] Started udev Coldplug all Devices.
[[0;32m  OK  [0m] Started Uncomplicated firewall.
[[0;32m  OK  [0m] Started File System Check on Root Device.
         Starting Remount Root and Kernel File Systems...
[    9.833597] Loading iSCSI transport class v2.0-870.
[[0;32m  OK  [0m] Started LVM2 metadata daemon.
[   10.027959] EXT4-fs (sda1): re-mounted. Opts: (null)
[[0;32m  OK  [0m] Started Remount Root and Kernel File Systems.
         Starting Flush Journal to Persistent Storage...
         Starting Load/Save Random Seed...
[[0;32m  OK  [0m] Started Set the console keyboard layout.
[   10.170915] iscsi: registered transport (tcp)
[   10.318540] systemd-journald[398]: Received request to flush runtime journal from PID 1
[   10.374210] iscsi: registered transport (iser)
[[0;32m  OK  [0m] Started Load Kernel Modules.
         Starting Apply Kernel Variables...
         Mounting FUSE Control File System...
         Mounting Kernel Configuration File System...
[[0;32m  OK  [0m] Started Create Static Device Nodes in /dev.
[[0;32m  OK  [0m] Started Load/Save Random Seed.
[[0;32m  OK  [0m] Mounted FUSE Control File System.
[[0;32m  OK  [0m] Mounted Kernel Configuration File System.
         Starting udev Kernel Device Manager...
[[0;32m  OK  [0m] Started Monitoring of LVM2 mirrors,…sing dmeventd or progress polling.
[[0;32m  OK  [0m] Reached target Local File Systems (Pre).
[[0;32m  OK  [0m] Reached target Local File Systems.
         Starting Tell Plymouth To Write Out Runtime Data...
         Starting Set console font and keymap...
         Starting AppArmor initialization...
         Starting ebtables ruleset management...
         Starting Commit a transient machine-id on disk...
[[0;32m  OK  [0m] Started Apply Kernel Variables.
[[0;32m  OK  [0m] Started Tell Plymouth To Write Out Runtime Data.
[[0;32m  OK  [0m] Started Set console font and keymap.
[[0;32m  OK  [0m] Started Flush Journal to Persistent Storage.
         Starting Create Volatile Files and Directories...
[[0;32m  OK  [0m] Started Commit a transient machine-id on disk.
[[0;32m  OK  [0m] Started udev Kernel Device Manager.
[[0;32m  OK  [0m] Started Create Volatile Files and Directories.
         Starting Update UTMP about System Boot/Shutdown...
[[0;32m  OK  [0m] Started Dispatch Password Requests to Console Directory Watch.
[[0;32m  OK  [0m] Reached target Local Encrypted Volumes.
[[0;32m  OK  [0m] Started Update UTMP about System Boot/Shutdown.
[[0;32m  OK  [0m] Started ebtables ruleset management.
[[0;32m  OK  [0m] Found device /dev/ttyS0.
[[0;32m  OK  [0m] Listening on Load/Save RF Kill Switch Status /dev/rfkill Watch.
[[0;32m  OK  [0m] Started AppArmor initialization.
         Starting Load AppArmor profiles managed internally by snapd...
         Starting Initial cloud-init job (pre-networking)...
[[0;32m  OK  [0m] Started Load AppArmor profiles managed internally by snapd.
[   20.033281] cloud-init[562]: Cloud-init v. 21.2-3-g899bfaa9-0ubuntu2~18.04.1 running 'init-local' at Thu, 12 Aug 2021 20:08:49 +0000. Up 19.11 seconds.
[[0;32m  OK  [0m] Started Initial cloud-init job (pre-networking).
[[0;32m  OK  [0m] Reached target Network (Pre).
         Starting Network Service...
[[0;32m  OK  [0m] Started Network Service.
         Starting Network Name Resolution...
         Starting Wait for Network to be Configured...
[[0;32m  OK  [0m] Started Network Name Resolution.
[[0;32m  OK  [0m] Reached target Host and Network Name Lookups.
[[0;32m  OK  [0m] Reached target Network.
[[0;32m  OK  [0m] Started Wait for Network to be Configured.
         Starting Initial cloud-init job (metadata service crawler)...
[   22.315413] cloud-init[688]: Cloud-init v. 21.2-3-g899bfaa9-0ubuntu2~18.04.1 running 'init' at Thu, 12 Aug 2021 20:08:52 +0000. Up 22.05 seconds.
[   22.319311] cloud-init[688]: ci-info: ++++++++++++++++++++++++++++++++++++++Net device info++++++++++++++++++++++++++++++++++++++
[   22.321572] cloud-init[688]: ci-info: +--------+------+----------------------------+---------------+--------+-------------------+
[   22.324779] cloud-init[688]: ci-info: | Device |  Up  |          Address           |      Mask     | Scope  |     Hw-Address    |
[   22.328352] cloud-init[688]: ci-info: +--------+------+----------------------------+---------------+--------+-------------------+
[   22.331068] cloud-init[688]: ci-info: | enp0s3 | True |         10.0.2.15          | 255.255.255.0 | global | 02:9f:d3:59:7e:90 |
[   22.333203] cloud-init[688]: ci-info: | enp0s3 | True | fe80::9f:d3ff:fe59:7e90/64 |       .       |  link  | 02:9f:d3:59:7e:90 |
[   22.335011] cloud-init[688]: ci-info: |   lo   | True |         127.0.0.1          |   255.0.0.0   |  host  |         .         |
[   22.336812] cloud-init[688]: ci-info: |   lo   | True |          ::1/128           |       .       |  host  |         .         |
[   22.348953] cloud-init[688]: ci-info: +--------+------+----------------------------+---------------+--------+-------------------+
[   22.351172] cloud-init[688]: ci-info: ++++++++++++++++++++++++++++Route IPv4 info+++++++++++++++++++++++++++++
[   22.352866] cloud-init[688]: ci-info: +-------+-------------+----------+-----------------+-----------+-------+
[   22.354512] cloud-init[688]: ci-info: | Route | Destination | Gateway  |     Genmask     | Interface | Flags |
[   22.356033] cloud-init[688]: ci-info: +-------+-------------+----------+-----------------+-----------+-------+
[   22.368679] cloud-init[688]: ci-info: |   0   |   0.0.0.0   | 10.0.2.2 |     0.0.0.0     |   enp0s3  |   UG  |
[   22.373759] cloud-init[688]: ci-info: |   1   |   10.0.2.0  | 0.0.0.0  |  255.255.255.0  |   enp0s3  |   U   |
[   22.377800] cloud-init[688]: ci-info: |   2   |   10.0.2.2  | 0.0.0.0  | 255.255.255.255 |   enp0s3  |   UH  |
[   22.380363] cloud-init[688]: ci-info: +-------+-------------+----------+-----------------+-----------+-------+
[   22.382418] cloud-init[688]: ci-info: +++++++++++++++++++Route IPv6 info+++++++++++++++++++
[   22.384201] cloud-init[688]: ci-info: +-------+-------------+---------+-----------+-------+
[   22.385866] cloud-init[688]: ci-info: | Route | Destination | Gateway | Interface | Flags |
[   22.387421] cloud-init[688]: ci-info: +-------+-------------+---------+-----------+-------+
[   22.388980] cloud-init[688]: ci-info: |   1   |  fe80::/64  |    ::   |   enp0s3  |   U   |
[   22.390554] cloud-init[688]: ci-info: |   3   |    local    |    ::   |   enp0s3  |   U   |
[   22.391924] cloud-init[688]: ci-info: |   4   |   ff00::/8  |    ::   |   enp0s3  |   U   |
[   22.393683] cloud-init[688]: ci-info: +-------+-------------+---------+-----------+-------+
[   24.664798] cloud-init[688]: Generating public/private rsa key pair.
[   24.665766] cloud-init[688]: Your identification has been saved in /etc/ssh/ssh_host_rsa_key.
[   24.667014] cloud-init[688]: Your public key has been saved in /etc/ssh/ssh_host_rsa_key.pub.
[   24.668389] cloud-init[688]: The key fingerprint is:
[   24.669215] cloud-init[688]: SHA256:yuWZdwMCagq5Tj4ZNh8//4zN1dQ1Zy5i/7p3D23qp88 root@ubuntu-bionic
[   24.671015] cloud-init[688]: The key's randomart image is:
[   24.685053] cloud-init[688]: +---[RSA 2048]----+
[   24.700176] cloud-init[688]: |                 |
[   24.701545] cloud-init[688]: |                 |
[   24.703160] cloud-init[688]: |      .        .+|
[   24.704469] cloud-init[688]: | .   . .      .o+|
[   24.705924] cloud-init[688]: |o   o   S . o....|
[   24.707421] cloud-init[688]: | * + . + + ooo o |
[   24.716249] cloud-init[688]: |o.* o o + ..o.o o|
[   24.718295] cloud-init[688]: |+o . o  =... . *+|
[   24.719941] cloud-init[688]: | o.   oo.=   .*BE|
[   24.720939] cloud-init[688]: +----[SHA256]-----+
[   24.721974] cloud-init[688]: Generating public/private dsa key pair.
[   24.723344] cloud-init[688]: Your identification has been saved in /etc/ssh/ssh_host_dsa_key.
[   24.725313] cloud-init[688]: Your public key has been saved in /etc/ssh/ssh_host_dsa_key.pub.
[   24.726887] cloud-init[688]: The key fingerprint is:
[   24.728397] cloud-init[688]: SHA256:JeS2fiHODnPMKTr7uBh9+CN5Aei035g7TkMVB2oOcYQ root@ubuntu-bionic
[   24.729656] cloud-init[688]: The key's randomart image is:
[   24.730692] cloud-init[688]: +---[DSA 1024]----+
[   24.731591] cloud-init[688]: |  .oo o.o        |
[[0;32m  OK  [0m] Started Initial cloud-init job (metadata service crawler).
[[0;32m  OK  [0m] Reached target System Initialization.
[[0;32m  OK  [0m] Started Daily apt download activities.
[   24.734237] cloud-init[688]: |  Eo . =         |
[   24.748947] cloud-init         Starting Socket activation for snappy daemon.
[688]: |  ..o . + .      |
[   24.752639] cloud-init[688]: |  o+.. . +       |
[   24.754089] cloud-init[688]: | o .o.  S .      |
[   24.755683] cloud-init[688]: |  oo ..* o .     |
[   24.757586] cloud-init[688]: |  ..===.O .      |
[[0;32m  OK  [0m] Started Discard unused blocks once a week.
[[0;32m  OK  [0m] Started Daily Cleanup of Temporary Directories.
[   24.769229] cloud-init[688]: |   +O*+* .       |
[   24.782012] cloud-init[688]: |  ..BXo..        |
[   24.782486] cloud-init[688]: +----[SHA256]-----+
[   24.796648] cloud-init[688]: Generating public/private ecdsa key pair.
[   24.809330] cloud-init[688]: Your identification has been saved in /etc/ssh/ssh_host_ecdsa_key.
[   24.810732] cloud-init[688]: Your public key has been saved in /etc/ssh/ssh_host_ecdsa_key.pub.
[   24.812138] cloud-init[688]: The key fingerprint is:
[   24.813029] cloud-init[688]: SHA256:b+FMZf3H6gVCDYkff4wMifbcSHlLcNNeIjwcvICod8o root@ubuntu-bionic
[   24.814382] cloud-init[688]: The key's randomart image is:
[   24.815330] cloud-init[688]: +---[ECDSA 256]---+
[   24.816246] cloud-init[688]: |       . . *+*o. |
[   24.817073] cloud-init[688]: |      . . = &=+.o|
[   24.817923] cloud-init[688]: |     .   . *+&o*.|
[   24.818766] cloud-init[688]: |    . . .  +* *o+|
[   24.819454] cloud-init[688]: |     o oS o . ..+|
[   24.829038] cloud-init[688]: |      E  = . . o.|
[   24.829696] cloud-init[688]: |          =   . .|
[[0;32m  OK  [0m] Started ACPI Events Check.
[   24.841496] [[0;32m  OK  [0m] Listening on ACPID Listen Socket.
[[0;32m  OK  [0m] Reached target Paths.
cloud-init[688]: |         .   . . |
[   24.843021] cloud-init[688]: |              .  |
[   24.852443] cloud-init[688]: +----[SHA256]-----+
[   24.853301] cloud-init[688]: Generating public/private ed25519 key pair.
[   24.854078] cloud-init[688]: Your identification has been saved in /etc/ssh/ssh_host_ed25519_key.
[   24.864333] cloud-init[688]: Your public key has been saved in /etc/ssh/ssh_host_ed25519_key.pub.
[   24.876449]          Starting LXD - unix socket.
[[0;32m  OK  [0m] Listening on Open-iSCSI iscsid Socket.
[[0;32m  OK  [0m] Listening on D-Bus System Message Bus Socket.
[[0;32m  OK  [0m] Started Message of the Day.
[[0;32m  OK  [0m] Started Daily apt upgrade and clean activities.
[[0;32m  OK  [0m] Started Ubuntu Advantage update messaging.
cloud-init[688]: The key fingerprint is:
[[0;32m  OK  [0m] Reached target Timers.
[[0;32m  OK  [0m] Listening on UUID daemon activation socket.
[[0;32m  OK  [0m] Reached target Network is Online.
[   24.881835] cloud-init[688]: SHA256:sye5qaFTGfrXLOETfV5u0oj/yvmkdzdAXQhLbYY/SbY root@ubuntu-bionic
[   24.882963] cloud-init[688]: The key's randomart image is:
[   24.896186] cloud-init[688]: +--[ED25519 256]--+
[   24.897031] cloud-init[688]: |            o+ . |
[   24.897684] cloud-init[688]: |           ...B .|
[   24.898269] cloud-init[688]: |            .*.o.|
[   24.898850] cloud-init[688]: |      .      .E. |
[   24.899419] cloud-init[688]: |     . oS.  .  . |
[   24.900324] cloud-init[688]: |    . o o+. ...  |
[   24.900938] cloud-init[688]: |     o..+=.+ =o  |
[   24.901492] cloud-init[688]: |    ....==+.++=.o|
[   24.902115] cloud-init[688]: |    ...ooo .*Bo.o|
[   24.902793] cloud-init[688]: +----[SHA256]-----+
[[0;32m  OK  [0m] Reached target Remote File Systems (Pre).
[[0;32m  OK  [0m] Reached target Remote File Systems.
         Starting Availability of block devices...
[[0;32m  OK  [0m] Reached target Cloud-config availability.
[[0;32m  OK  [0m] Listening on Socket activation for snappy daemon.
[[0;32m  OK  [0m] Listening on LXD - unix socket.
[[0;32m  OK  [0m] Reached target Sockets.
[[0;32m  OK  [0m] Reached target Basic System.
         Starting LSB: automatic crash report generation...
         Starting Permit User Sessions...
         Starting Accounts Service...
[[0;32m  OK  [0m] Started FUSE filesystem for LXC.
[[0;32m  OK  [0m] Started Regular background program processing daemon.
         Starting Pollinate to seed the pseudo random number generator...
[[0;32m  OK  [0m] Started Deferred execution scheduler.
         Starting LXD - container startup/shutdown...
[[0;32m  OK  [0m] Started D-Bus System Message Bus.
         Starting System Logging Service...
         Starting Virtualbox guest utils...
         Starting LSB: Record successful boot for GRUB...
         Starting Login Service...
         Starting Dispatcher daemon for systemd-networkd...
[[0;32m  OK  [0m] Started irqbalance daemon.
         Starting Snap Daemon...
[[0;32m  OK  [0m] Started System Logging Service.
[[0;32m  OK  [0m] Started Availability of block devices.
[[0;32m  OK  [0m] Started Permit User Sessions.
[[0;32m  OK  [0m] Started Login Service.
[[0;32m  OK  [0m] Started Unattended Upgrades Shutdown.
         Starting Authorization Manager...
         Starting Terminate Plymouth Boot Screen...
         Starting Hold until boot process finishes up...
[[0;32m  OK  [0m] Started Hold until boot process finishes up.
[[0;32m  OK  [0m] Started Terminate Plymouth Boot Screen.
[[0;32m  OK  [0m] Started Serial Getty on ttyS0.
         Starting Set console scheme...
[[0;32m  OK  [0m] Started Set console scheme.
[[0;32m  OK  [0m] Created slice system-getty.slice.
[[0;32m  OK  [0m] Started Getty on tty1.
[[0;32m  OK  [0m] Reached target Login Prompts.
[[0;32m  OK  [0m] Started LSB: automatic crash report generation.
[[0;32m  OK  [0m] Started Authorization Manager.
[[0;32m  OK  [0m] Started Accounts Service.
[[0;32m  OK  [0m] Started LSB: Record successful boot for GRUB.
[[0;32m  OK  [0m] Started Virtualbox guest utils.
[[0;32m  OK  [0m] Started Dispatcher daemon for systemd-networkd.
[[0;32m  OK  [0m] Started LXD - container startup/shutdown.
[[0;32m  OK  [0m] Started Snap Daemon.
         Starting Wait until snapd is fully seeded...
[[0;32m  OK  [0m] Started Pollinate to seed the pseudo random number generator.
         Starting OpenBSD Secure Shell server...
[[0;32m  OK  [0m] Started OpenBSD Secure Shell server.

Ubuntu 18.04.5 LTS ubuntu-bionic ttyS0

ubuntu-bionic login: [[0;32m  OK  [0m] Started Wait until snapd is fully seeded.
         Starting Apply the settings specified in cloud-config...
[[0;32m  OK  [0m] Reached target Multi-User System.
[[0;32m  OK  [0m] Reached target Graphical Interface.
         Starting Update UTMP about System Runlevel Changes...
[[0;32m  OK  [0m] Started Update UTMP about System Runlevel Changes.
[   47.593879] cloud-init[2000]: Cloud-init v. 21.2-3-g899bfaa9-0ubuntu2~18.04.1 running 'modules:config' at Thu, 12 Aug 2021 20:09:16 +0000. Up 46.03 seconds.
[[0;32m  OK  [0m] Started Apply the settings specified in cloud-config.
         Starting Execute cloud user/final scripts...
ci-info: no authorized SSH keys fingerprints found for user ubuntu.
<14>Aug 12 20:09:19 cloud-init: #############################################################
<14>Aug 12 20:09:19 cloud-init: -----BEGIN SSH HOST KEY FINGERPRINTS-----
<14>Aug 12 20:09:19 cloud-init: 1024 SHA256:JeS2fiHODnPMKTr7uBh9+CN5Aei035g7TkMVB2oOcYQ root@ubuntu-bionic (DSA)
<14>Aug 12 20:09:19 cloud-init: 256 SHA256:b+FMZf3H6gVCDYkff4wMifbcSHlLcNNeIjwcvICod8o root@ubuntu-bionic (ECDSA)
<14>Aug 12 20:09:19 cloud-init: 256 SHA256:sye5qaFTGfrXLOETfV5u0oj/yvmkdzdAXQhLbYY/SbY root@ubuntu-bionic (ED25519)
<14>Aug 12 20:09:19 cloud-init: 2048 SHA256:yuWZdwMCagq5Tj4ZNh8//4zN1dQ1Zy5i/7p3D23qp88 root@ubuntu-bionic (RSA)
<14>Aug 12 20:09:19 cloud-init: -----END SSH HOST KEY FINGERPRINTS-----
<14>Aug 12 20:09:19 cloud-init: #############################################################
-----BEGIN SSH HOST KEY KEYS-----
ecdsa-sha2-nistp256 AAAAE2VjZHNhLXNoYTItbmlzdHAyNTYAAAAIbmlzdHAyNTYAAABBBOf7Q6zpre9wjrNtr1NfxsMxUz5krrnvLJeX4hQQQBS37+1zPxj9JfTWDSwo/8COycZdZU3A7A+Q+aVUqjZWCbs= root@ubuntu-bionic
ssh-ed25519 AAAAC3NzaC1lZDI1NTE5AAAAIBF1Mvm99QfCVMnU+oc1KXvWS6Oph31qevibY6ps25E9 root@ubuntu-bionic
ssh-rsa AAAAB3NzaC1yc2EAAAADAQABAAABAQC6rW6SNs6F5cLNx6S4SJEjlFKgRlQK7gzlUQvR6B2vFj+bFCJCYY+jKgEQq4DWtFZd+mSTexj6Av3fgObUYQ2P9FYRphm3+pbf5+Vqqkw7T8JqzIqlAY00ulOX1qEBuYiSKMXRNP+YBRJ4H9AMwxeyZbrzqj38eB7Kpt65rO7syMmKqlYvbQLOZNS/x63KeN0fWP++z7BQL7wlnApBA5YFf9/5dcBRrJStzHiJ1T+ioBcaFkxp0VM0jhBX6l6qFPGpjY7Z2Pql/7SDKB7Dx5zKeht657jRJ1gR3pE/bdV+Mzbw8hUHKJA9M/qj/+vOKMhVNnu+15o30GtbptSsVmCZ root@ubuntu-bionic
-----END SSH HOST KEY KEYS-----
[   48.438808] cloud-init[2066]: Cloud-init v. 21.2-3-g899bfaa9-0ubuntu2~18.04.1 running 'modules:final' at Thu, 12 Aug 2021 20:09:18 +0000. Up 48.11 seconds.
[   48.438898] cloud-init[2066]: ci-info: no authorized SSH keys fingerprints found for user ubuntu.
[   48.439786] cloud-init[2066]: Cloud-init v. 21.2-3-g899bfaa9-0ubuntu2~18.04.1 finished at Thu, 12 Aug 2021 20:09:19 +0000. Datasource DataSourceNoCloud [seed=/dev/sdb][dsmode=net].  Up 48.41 seconds
[[0;32m  OK  [0m] Started Execute cloud user/final scripts.
[[0;32m  OK  [0m] Reached target Cloud-init target.
